Build started 30.03.2016 20:30:19.
     1>Project "C:\Users\KAJAJJJ\Documents\Visual Studio 2010\Projects\RayTracing\RayTracing.vcxproj" on node 2 (build target(s)).
     1>InitializeBuildStatus:
         Creating "Debug\RayTracing.unsuccessfulbuild" because "AlwaysCreate" was specified.
       ClCompile:
         C:\Program Files (x86)\Microsoft Visual Studio 10.0\VC\bin\CL.exe /c /ZI /nologo /W3 /WX- /Od /Oy- /D WIN32 /D _DEBUG /D _CONSOLE /D _UNICODE /D UNICODE /Gm /EHsc /RTC1 /MDd /GS /fp:precise /Zc:wchar_t /Zc:forScope /Fo"Debug\\" /Fd"Debug\vc100.pdb" /Gd /TP /analyze- /errorReport:prompt main.cpp
         main.cpp
       ManifestResourceCompile:
         All outputs are up-to-date.
       Link:
         C:\Program Files (x86)\Microsoft Visual Studio 10.0\VC\bin\link.exe /ERRORREPORT:PROMPT /OUT:"C:\Users\KAJAJJJ\Documents\Visual Studio 2010\Projects\RayTracing\Debug\RayTracing.exe" /INCREMENTAL /NOLOGO glfw3.lib glfw3dll.lib opengl32.lib opencl.lib kernel32.lib user32.lib gdi32.lib winspool.lib comdlg32.lib advapi32.lib shell32.lib ole32.lib oleaut32.lib uuid.lib odbc32.lib odbccp32.lib /MANIFEST /ManifestFile:"Debug\RayTracing.exe.intermediate.manifest" /MANIFESTUAC:"level='asInvoker' uiAccess='false'" /DEBUG /PDB:"C:\Users\KAJAJJJ\Documents\Visual Studio 2010\Projects\RayTracing\Debug\RayTracing.pdb" /SUBSYSTEM:CONSOLE /TLBID:1 /DYNAMICBASE /NXCOMPAT /IMPLIB:"C:\Users\KAJAJJJ\Documents\Visual Studio 2010\Projects\RayTracing\Debug\RayTracing.lib" /MACHINE:X86 Debug\RayTracing.exe.embed.manifest.res
         Debug\camera.obj
         Debug\grid.obj
         Debug\main.obj
         Debug\scene.obj
       Manifest:
         c:\Program Files (x86)\Microsoft SDKs\Windows\v7.0A\bin\mt.exe /nologo /verbose /out:"Debug\RayTracing.exe.embed.manifest" /manifest Debug\RayTracing.exe.intermediate.manifest
         All outputs are up-to-date.
       LinkEmbedManifest:
         All outputs are up-to-date.
         RayTracing.vcxproj -> C:\Users\KAJAJJJ\Documents\Visual Studio 2010\Projects\RayTracing\Debug\RayTracing.exe
       FinalizeBuildStatus:
         Deleting file "Debug\RayTracing.unsuccessfulbuild".
         Touching "Debug\RayTracing.lastbuildstate".
     1>Done Building Project "C:\Users\KAJAJJJ\Documents\Visual Studio 2010\Projects\RayTracing\RayTracing.vcxproj" (build target(s)).

Build succeeded.

Time Elapsed 00:00:01.34
