Build started 19.04.2016 17:58:30.
     1>Project "C:\Users\KAJAJJJ\Documents\Visual Studio 2010\Projects\RayTracing\VS2010\RayTracing.vcxproj" on node 2 (build target(s)).
     1>InitializeBuildStatus:
         Creating "Release\RayTracing.unsuccessfulbuild" because "AlwaysCreate" was specified.
       ClCompile:
         C:\Program Files (x86)\Microsoft Visual Studio 10.0\VC\bin\CL.exe /c /Zi /nologo /W3 /WX- /O2 /Oi /Oy- /GL /D WIN32 /D NDEBUG /D _CONSOLE /D _UNICODE /D UNICODE /Gm- /EHsc /MD /GS /Gy /fp:precise /Zc:wchar_t /Zc:forScope /Fo"Release\\" /Fd"Release\vc100.pdb" /Gd /TP /analyze- /errorReport:prompt ..\src\aabb.cpp ..\src\cl_context.cpp ..\src\main.cpp ..\src\raytracer.cpp ..\src\scene.cpp
         aabb.cpp
         cl_context.cpp
     1>..\src\cl_context.cpp(19): warning C4018: '<' : signed/unsigned mismatch
         main.cpp
         raytracer.cpp
         scene.cpp
       Link:
         C:\Program Files (x86)\Microsoft Visual Studio 10.0\VC\bin\link.exe /ERRORREPORT:PROMPT /OUT:"C:\Users\KAJAJJJ\Documents\Visual Studio 2010\Projects\RayTracing\VS2010\Release\RayTracing.exe" /INCREMENTAL:NO /NOLOGO glfw3.lib glfw3dll.lib opengl32.lib opencl.lib kernel32.lib user32.lib gdi32.lib winspool.lib comdlg32.lib advapi32.lib shell32.lib ole32.lib oleaut32.lib uuid.lib odbc32.lib odbccp32.lib /MANIFEST /ManifestFile:"Release\RayTracing.exe.intermediate.manifest" /MANIFESTUAC:"level='asInvoker' uiAccess='false'" /DEBUG /PDB:"C:\Users\KAJAJJJ\Documents\Visual Studio 2010\Projects\RayTracing\VS2010\Release\RayTracing.pdb" /SUBSYSTEM:CONSOLE /OPT:REF /OPT:ICF /LTCG /TLBID:1 /DYNAMICBASE /NXCOMPAT /IMPLIB:"C:\Users\KAJAJJJ\Documents\Visual Studio 2010\Projects\RayTracing\VS2010\Release\RayTracing.lib" /MACHINE:X86 Release\aabb.obj
         Release\camera.obj
         Release\cl_context.obj
         Release\main.obj
         Release\raytracer.obj
         Release\scene.obj
         Generating code
         Finished generating code
         RayTracing.vcxproj -> C:\Users\KAJAJJJ\Documents\Visual Studio 2010\Projects\RayTracing\VS2010\Release\RayTracing.exe
       Manifest:
         c:\Program Files (x86)\Microsoft SDKs\Windows\v7.0A\bin\mt.exe /nologo /verbose /outputresource:"C:\Users\KAJAJJJ\Documents\Visual Studio 2010\Projects\RayTracing\VS2010\Release\RayTracing.exe;#1" /manifest Release\RayTracing.exe.intermediate.manifest
       FinalizeBuildStatus:
         Deleting file "Release\RayTracing.unsuccessfulbuild".
         Touching "Release\RayTracing.lastbuildstate".
     1>Done Building Project "C:\Users\KAJAJJJ\Documents\Visual Studio 2010\Projects\RayTracing\VS2010\RayTracing.vcxproj" (build target(s)).

Build succeeded.

Time Elapsed 00:00:04.96
